{"/Users/garretblankenship/Desktop/mongoose-relations/app.js": {"path":"/Users/garretblankenship/Desktop/mongoose-relations/app.js","statementMap":{"0":{"start":{"line":1,"column":16},"end":{"line":1,"column":34}},"1":{"start":{"line":2,"column":15},"end":{"line":2,"column":44}},"2":{"start":{"line":3,"column":19},"end":{"line":3,"column":41}},"3":{"start":{"line":4,"column":23},"end":{"line":4,"column":49}},"4":{"start":{"line":5,"column":12},"end":{"line":5,"column":21}},"5":{"start":{"line":7,"column":0},"end":{"line":7,"column":60}},"6":{"start":{"line":8,"column":0},"end":{"line":8,"column":37}},"7":{"start":{"line":10,"column":0},"end":{"line":10,"column":64}},"8":{"start":{"line":12,"column":0},"end":{"line":12,"column":52}},"9":{"start":{"line":13,"column":0},"end":{"line":13,"column":27}},"10":{"start":{"line":15,"column":0},"end":{"line":15,"column":29}},"11":{"start":{"line":17,"column":0},"end":{"line":17,"column":21}}},"fnMap":{},"branchMap":{},"s":{"0":1,"1":1,"2":1,"3":1,"4":1,"5":1,"6":1,"7":1,"8":1,"9":1,"10":1,"11":1},"f":{},"b":{},"_coverageSchema":"332fd63041d2c1bcb487cc26dd0d5f7d97098a6c","hash":"a35e1041ad87ac86b3b60c1a4bfaec7293f1f726"}
,"/Users/garretblankenship/Desktop/mongoose-relations/controllers/author_controller.js": {"path":"/Users/garretblankenship/Desktop/mongoose-relations/controllers/author_controller.js","statementMap":{"0":{"start":{"line":1,"column":20},"end":{"line":1,"column":64}},"1":{"start":{"line":5,"column":30},"end":{"line":5,"column":38}},"2":{"start":{"line":6,"column":17},"end":{"line":7,"column":48}},"3":{"start":{"line":7,"column":22},"end":{"line":7,"column":47}},"4":{"start":{"line":9,"column":4},"end":{"line":9,"column":43}},"5":{"start":{"line":14,"column":18},"end":{"line":14,"column":42}},"6":{"start":{"line":15,"column":4},"end":{"line":15,"column":42}},"7":{"start":{"line":20,"column":4},"end":{"line":20,"column":29}},"8":{"start":{"line":25,"column":17},"end":{"line":25,"column":27}},"9":{"start":{"line":26,"column":4},"end":{"line":26,"column":44}},"10":{"start":{"line":27,"column":4},"end":{"line":27,"column":29}},"11":{"start":{"line":32,"column":17},"end":{"line":32,"column":27}},"12":{"start":{"line":34,"column":17},"end":{"line":34,"column":47}},"13":{"start":{"line":36,"column":4},"end":{"line":36,"column":40}},"14":{"start":{"line":41,"column":32},"end":{"line":41,"column":40}},"15":{"start":{"line":42,"column":17},"end":{"line":42,"column":27}},"16":{"start":{"line":44,"column":4},"end":{"line":44,"column":65}},"17":{"start":{"line":45,"column":4},"end":{"line":45,"column":35}},"18":{"start":{"line":50,"column":17},"end":{"line":50,"column":27}},"19":{"start":{"line":51,"column":17},"end":{"line":51,"column":47}},"20":{"start":{"line":52,"column":4},"end":{"line":52,"column":42}},"21":{"start":{"line":55,"column":0},"end":{"line":63,"column":1}}},"fnMap":{"0":{"name":"create","decl":{"start":{"line":3,"column":15},"end":{"line":3,"column":21}},"loc":{"start":{"line":3,"column":32},"end":{"line":10,"column":1}},"line":3},"1":{"name":"(anonymous_1)","decl":{"start":{"line":7,"column":15},"end":{"line":7,"column":16}},"loc":{"start":{"line":7,"column":22},"end":{"line":7,"column":47}},"line":7},"2":{"name":"index","decl":{"start":{"line":12,"column":15},"end":{"line":12,"column":20}},"loc":{"start":{"line":12,"column":31},"end":{"line":16,"column":1}},"line":12},"3":{"name":"make","decl":{"start":{"line":18,"column":9},"end":{"line":18,"column":13}},"loc":{"start":{"line":18,"column":24},"end":{"line":21,"column":1}},"line":18},"4":{"name":"destroy","decl":{"start":{"line":23,"column":15},"end":{"line":23,"column":22}},"loc":{"start":{"line":23,"column":33},"end":{"line":28,"column":1}},"line":23},"5":{"name":"show","decl":{"start":{"line":30,"column":15},"end":{"line":30,"column":19}},"loc":{"start":{"line":30,"column":30},"end":{"line":37,"column":1}},"line":30},"6":{"name":"update","decl":{"start":{"line":39,"column":15},"end":{"line":39,"column":21}},"loc":{"start":{"line":39,"column":32},"end":{"line":46,"column":1}},"line":39},"7":{"name":"edit","decl":{"start":{"line":48,"column":15},"end":{"line":48,"column":19}},"loc":{"start":{"line":48,"column":30},"end":{"line":53,"column":1}},"line":48}},"branchMap":{},"s":{"0":2,"1":2,"2":2,"3":0,"4":2,"5":1,"6":1,"7":0,"8":0,"9":0,"10":0,"11":0,"12":0,"13":0,"14":0,"15":0,"16":0,"17":0,"18":0,"19":0,"20":0,"21":2},"f":{"0":2,"1":0,"2":1,"3":0,"4":0,"5":0,"6":0,"7":0},"b":{},"_coverageSchema":"332fd63041d2c1bcb487cc26dd0d5f7d97098a6c","hash":"bd219044014fd7ab805564da40a21047869f73d3"}
,"/Users/garretblankenship/Desktop/mongoose-relations/controllers/book_controller.js": {"path":"/Users/garretblankenship/Desktop/mongoose-relations/controllers/book_controller.js","statementMap":{"0":{"start":{"line":1,"column":18},"end":{"line":1,"column":60}},"1":{"start":{"line":2,"column":20},"end":{"line":2,"column":64}},"2":{"start":{"line":6,"column":37},"end":{"line":6,"column":45}},"3":{"start":{"line":7,"column":15},"end":{"line":8,"column":48}},"4":{"start":{"line":8,"column":22},"end":{"line":8,"column":47}},"5":{"start":{"line":10,"column":4},"end":{"line":10,"column":39}},"6":{"start":{"line":15,"column":16},"end":{"line":15,"column":38}},"7":{"start":{"line":16,"column":4},"end":{"line":16,"column":38}},"8":{"start":{"line":21,"column":18},"end":{"line":21,"column":61}},"9":{"start":{"line":22,"column":4},"end":{"line":22,"column":40}},"10":{"start":{"line":27,"column":17},"end":{"line":27,"column":27}},"11":{"start":{"line":28,"column":4},"end":{"line":28,"column":42}},"12":{"start":{"line":29,"column":4},"end":{"line":29,"column":27}},"13":{"start":{"line":34,"column":17},"end":{"line":34,"column":27}},"14":{"start":{"line":36,"column":15},"end":{"line":36,"column":62}},"15":{"start":{"line":38,"column":4},"end":{"line":38,"column":36}},"16":{"start":{"line":43,"column":31},"end":{"line":43,"column":39}},"17":{"start":{"line":44,"column":17},"end":{"line":44,"column":27}},"18":{"start":{"line":46,"column":4},"end":{"line":46,"column":62}},"19":{"start":{"line":47,"column":4},"end":{"line":47,"column":33}},"20":{"start":{"line":52,"column":17},"end":{"line":52,"column":27}},"21":{"start":{"line":53,"column":15},"end":{"line":53,"column":43}},"22":{"start":{"line":54,"column":4},"end":{"line":54,"column":38}},"23":{"start":{"line":57,"column":0},"end":{"line":65,"column":1}}},"fnMap":{"0":{"name":"create","decl":{"start":{"line":4,"column":15},"end":{"line":4,"column":21}},"loc":{"start":{"line":4,"column":32},"end":{"line":11,"column":1}},"line":4},"1":{"name":"(anonymous_1)","decl":{"start":{"line":8,"column":15},"end":{"line":8,"column":16}},"loc":{"start":{"line":8,"column":22},"end":{"line":8,"column":47}},"line":8},"2":{"name":"index","decl":{"start":{"line":13,"column":15},"end":{"line":13,"column":20}},"loc":{"start":{"line":13,"column":31},"end":{"line":17,"column":1}},"line":13},"3":{"name":"make","decl":{"start":{"line":19,"column":15},"end":{"line":19,"column":19}},"loc":{"start":{"line":19,"column":30},"end":{"line":23,"column":1}},"line":19},"4":{"name":"destroy","decl":{"start":{"line":25,"column":15},"end":{"line":25,"column":22}},"loc":{"start":{"line":25,"column":33},"end":{"line":30,"column":1}},"line":25},"5":{"name":"show","decl":{"start":{"line":32,"column":15},"end":{"line":32,"column":19}},"loc":{"start":{"line":32,"column":30},"end":{"line":39,"column":1}},"line":32},"6":{"name":"update","decl":{"start":{"line":41,"column":15},"end":{"line":41,"column":21}},"loc":{"start":{"line":41,"column":32},"end":{"line":48,"column":1}},"line":41},"7":{"name":"edit","decl":{"start":{"line":50,"column":15},"end":{"line":50,"column":19}},"loc":{"start":{"line":50,"column":30},"end":{"line":55,"column":1}},"line":50}},"branchMap":{},"s":{"0":1,"1":1,"2":0,"3":0,"4":0,"5":0,"6":0,"7":0,"8":0,"9":0,"10":0,"11":0,"12":0,"13":0,"14":0,"15":0,"16":0,"17":0,"18":0,"19":0,"20":0,"21":0,"22":0,"23":1},"f":{"0":0,"1":0,"2":0,"3":0,"4":0,"5":0,"6":0,"7":0},"b":{},"_coverageSchema":"332fd63041d2c1bcb487cc26dd0d5f7d97098a6c","hash":"005e255c6b467b37dac9abe3f0dd11722f3888bf"}
,"/Users/garretblankenship/Desktop/mongoose-relations/controllers/comment_controller.js": {"path":"/Users/garretblankenship/Desktop/mongoose-relations/controllers/comment_controller.js","statementMap":{"0":{"start":{"line":1,"column":18},"end":{"line":1,"column":60}},"1":{"start":{"line":5,"column":21},"end":{"line":5,"column":31}},"2":{"start":{"line":6,"column":19},"end":{"line":6,"column":27}},"3":{"start":{"line":7,"column":15},"end":{"line":7,"column":47}},"4":{"start":{"line":9,"column":4},"end":{"line":9,"column":33}},"5":{"start":{"line":10,"column":4},"end":{"line":10,"column":22}},"6":{"start":{"line":12,"column":4},"end":{"line":12,"column":39}},"7":{"start":{"line":15,"column":0},"end":{"line":17,"column":1}}},"fnMap":{"0":{"name":"create","decl":{"start":{"line":3,"column":15},"end":{"line":3,"column":21}},"loc":{"start":{"line":3,"column":32},"end":{"line":13,"column":1}},"line":3}},"branchMap":{},"s":{"0":1,"1":0,"2":0,"3":0,"4":0,"5":0,"6":0,"7":1},"f":{"0":0},"b":{},"_coverageSchema":"332fd63041d2c1bcb487cc26dd0d5f7d97098a6c","hash":"7ad9727b0556c71dc762f3ebd159e52c3c28e9f4"}
,"/Users/garretblankenship/Desktop/mongoose-relations/database/models/author_model.js": {"path":"/Users/garretblankenship/Desktop/mongoose-relations/database/models/author_model.js","statementMap":{"0":{"start":{"line":1,"column":17},"end":{"line":1,"column":36}},"1":{"start":{"line":2,"column":21},"end":{"line":2,"column":58}},"2":{"start":{"line":4,"column":20},"end":{"line":4,"column":58}},"3":{"start":{"line":6,"column":0},"end":{"line":6,"column":29}}},"fnMap":{},"branchMap":{},"s":{"0":2,"1":2,"2":2,"3":2},"f":{},"b":{},"_coverageSchema":"332fd63041d2c1bcb487cc26dd0d5f7d97098a6c","hash":"cd776c2b8970db9b6f8738198c94c30bd9acb393"}
,"/Users/garretblankenship/Desktop/mongoose-relations/database/models/book_model.js": {"path":"/Users/garretblankenship/Desktop/mongoose-relations/database/models/book_model.js","statementMap":{"0":{"start":{"line":1,"column":17},"end":{"line":1,"column":36}},"1":{"start":{"line":2,"column":19},"end":{"line":2,"column":54}},"2":{"start":{"line":4,"column":18},"end":{"line":4,"column":52}},"3":{"start":{"line":6,"column":0},"end":{"line":6,"column":27}}},"fnMap":{},"branchMap":{},"s":{"0":1,"1":1,"2":1,"3":1},"f":{},"b":{},"_coverageSchema":"332fd63041d2c1bcb487cc26dd0d5f7d97098a6c","hash":"758dd8cbb43c3709655b7280a62cd9a33d03953d"}
,"/Users/garretblankenship/Desktop/mongoose-relations/database/schemas/author_schema.js": {"path":"/Users/garretblankenship/Desktop/mongoose-relations/database/schemas/author_schema.js","statementMap":{"0":{"start":{"line":1,"column":17},"end":{"line":1,"column":36}},"1":{"start":{"line":2,"column":15},"end":{"line":2,"column":30}},"2":{"start":{"line":4,"column":21},"end":{"line":18,"column":2}},"3":{"start":{"line":20,"column":0},"end":{"line":20,"column":30}}},"fnMap":{},"branchMap":{},"s":{"0":2,"1":2,"2":2,"3":2},"f":{},"b":{},"_coverageSchema":"332fd63041d2c1bcb487cc26dd0d5f7d97098a6c","hash":"74cecc345365fcbaaa909df681a6140628ec5738"}
,"/Users/garretblankenship/Desktop/mongoose-relations/database/schemas/book_schema.js": {"path":"/Users/garretblankenship/Desktop/mongoose-relations/database/schemas/book_schema.js","statementMap":{"0":{"start":{"line":1,"column":17},"end":{"line":1,"column":36}},"1":{"start":{"line":2,"column":15},"end":{"line":2,"column":30}},"2":{"start":{"line":3,"column":22},"end":{"line":3,"column":49}},"3":{"start":{"line":5,"column":19},"end":{"line":19,"column":2}},"4":{"start":{"line":21,"column":0},"end":{"line":21,"column":28}}},"fnMap":{},"branchMap":{},"s":{"0":1,"1":1,"2":1,"3":1,"4":1},"f":{},"b":{},"_coverageSchema":"332fd63041d2c1bcb487cc26dd0d5f7d97098a6c","hash":"4c5f66689eee04e607759feedd6f9daece44cca4"}
,"/Users/garretblankenship/Desktop/mongoose-relations/database/schemas/comment_schema.js": {"path":"/Users/garretblankenship/Desktop/mongoose-relations/database/schemas/comment_schema.js","statementMap":{"0":{"start":{"line":1,"column":17},"end":{"line":1,"column":36}},"1":{"start":{"line":2,"column":15},"end":{"line":2,"column":30}},"2":{"start":{"line":4,"column":22},"end":{"line":14,"column":2}},"3":{"start":{"line":16,"column":0},"end":{"line":16,"column":31}}},"fnMap":{},"branchMap":{},"s":{"0":1,"1":1,"2":1,"3":1},"f":{},"b":{},"_coverageSchema":"332fd63041d2c1bcb487cc26dd0d5f7d97098a6c","hash":"ab5fd6ff9a0d9d744ab0c1528075413411fe61f9"}
,"/Users/garretblankenship/Desktop/mongoose-relations/routes/author_routes.js": {"path":"/Users/garretblankenship/Desktop/mongoose-relations/routes/author_routes.js","statementMap":{"0":{"start":{"line":1,"column":16},"end":{"line":1,"column":34}},"1":{"start":{"line":2,"column":15},"end":{"line":2,"column":31}},"2":{"start":{"line":3,"column":25},"end":{"line":3,"column":70}},"3":{"start":{"line":5,"column":0},"end":{"line":5,"column":40}},"4":{"start":{"line":7,"column":0},"end":{"line":7,"column":42}},"5":{"start":{"line":9,"column":0},"end":{"line":9,"column":42}},"6":{"start":{"line":11,"column":0},"end":{"line":11,"column":48}},"7":{"start":{"line":13,"column":0},"end":{"line":13,"column":46}},"8":{"start":{"line":15,"column":0},"end":{"line":15,"column":44}},"9":{"start":{"line":17,"column":0},"end":{"line":17,"column":42}},"10":{"start":{"line":19,"column":0},"end":{"line":19,"column":47}},"11":{"start":{"line":21,"column":0},"end":{"line":21,"column":24}}},"fnMap":{},"branchMap":{},"s":{"0":1,"1":1,"2":1,"3":1,"4":1,"5":1,"6":1,"7":1,"8":1,"9":1,"10":1,"11":1},"f":{},"b":{},"_coverageSchema":"332fd63041d2c1bcb487cc26dd0d5f7d97098a6c","hash":"9b19caad2734b6a9edf756dc969457004564899d"}
,"/Users/garretblankenship/Desktop/mongoose-relations/routes/book_routes.js": {"path":"/Users/garretblankenship/Desktop/mongoose-relations/routes/book_routes.js","statementMap":{"0":{"start":{"line":1,"column":16},"end":{"line":1,"column":34}},"1":{"start":{"line":2,"column":15},"end":{"line":2,"column":31}},"2":{"start":{"line":3,"column":23},"end":{"line":3,"column":64}},"3":{"start":{"line":4,"column":22},"end":{"line":4,"column":49}},"4":{"start":{"line":6,"column":0},"end":{"line":6,"column":38}},"5":{"start":{"line":8,"column":0},"end":{"line":8,"column":40}},"6":{"start":{"line":10,"column":0},"end":{"line":10,"column":40}},"7":{"start":{"line":12,"column":0},"end":{"line":12,"column":46}},"8":{"start":{"line":14,"column":0},"end":{"line":14,"column":44}},"9":{"start":{"line":16,"column":0},"end":{"line":16,"column":42}},"10":{"start":{"line":18,"column":0},"end":{"line":18,"column":40}},"11":{"start":{"line":20,"column":0},"end":{"line":20,"column":45}},"12":{"start":{"line":22,"column":0},"end":{"line":22,"column":47}},"13":{"start":{"line":24,"column":0},"end":{"line":24,"column":24}}},"fnMap":{},"branchMap":{},"s":{"0":1,"1":1,"2":1,"3":1,"4":1,"5":1,"6":1,"7":1,"8":1,"9":1,"10":1,"11":1,"12":1,"13":1},"f":{},"b":{},"_coverageSchema":"332fd63041d2c1bcb487cc26dd0d5f7d97098a6c","hash":"cf6a4a2e14d31198e26cd5d429c3cb3cec8c367f"}
,"/Users/garretblankenship/Desktop/mongoose-relations/routes/comment_routes.js": {"path":"/Users/garretblankenship/Desktop/mongoose-relations/routes/comment_routes.js","statementMap":{"0":{"start":{"line":1,"column":16},"end":{"line":1,"column":34}},"1":{"start":{"line":2,"column":15},"end":{"line":2,"column":50}},"2":{"start":{"line":3,"column":26},"end":{"line":3,"column":70}},"3":{"start":{"line":5,"column":0},"end":{"line":5,"column":43}},"4":{"start":{"line":7,"column":0},"end":{"line":7,"column":24}}},"fnMap":{},"branchMap":{},"s":{"0":1,"1":1,"2":1,"3":1,"4":1},"f":{},"b":{},"_coverageSchema":"332fd63041d2c1bcb487cc26dd0d5f7d97098a6c","hash":"0367a7dce96c72b3127c535d7bf63a6c724e16e0"}
,"/Users/garretblankenship/Desktop/mongoose-relations/routes/index.js": {"path":"/Users/garretblankenship/Desktop/mongoose-relations/routes/index.js","statementMap":{"0":{"start":{"line":1,"column":16},"end":{"line":1,"column":34}},"1":{"start":{"line":2,"column":15},"end":{"line":2,"column":31}},"2":{"start":{"line":3,"column":21},"end":{"line":3,"column":47}},"3":{"start":{"line":4,"column":19},"end":{"line":4,"column":43}},"4":{"start":{"line":6,"column":0},"end":{"line":6,"column":37}},"5":{"start":{"line":7,"column":0},"end":{"line":7,"column":33}},"6":{"start":{"line":9,"column":0},"end":{"line":9,"column":24}}},"fnMap":{},"branchMap":{},"s":{"0":1,"1":1,"2":1,"3":1,"4":1,"5":1,"6":1},"f":{},"b":{},"_coverageSchema":"332fd63041d2c1bcb487cc26dd0d5f7d97098a6c","hash":"6befa50ad14664b3da57c79e50a8097d74626490"}
}
