TN:
SF:/Users/leahhou/test_express_lessons/mongoose-relations/app.js
FNF:0
FNH:0
DA:1,1
DA:2,1
DA:4,1
DA:5,1
DA:6,1
DA:8,1
DA:9,1
DA:11,1
DA:13,1
DA:14,1
DA:16,1
DA:18,1
LF:12
LH:12
BRF:0
BRH:0
end_of_record
TN:
SF:/Users/leahhou/test_express_lessons/mongoose-relations/controllers/author_controller.js
FN:3,create
FN:7,(anonymous_1)
FN:12,index
FN:18,make
FN:23,destroy
FN:30,show
FN:39,update
FN:48,edit
FNF:8
FNH:1
FNDA:1,create
FNDA:0,(anonymous_1)
FNDA:0,index
FNDA:0,make
FNDA:0,destroy
FNDA:0,show
FNDA:0,update
FNDA:0,edit
DA:1,1
DA:5,1
DA:6,1
DA:7,0
DA:9,1
DA:14,0
DA:15,0
DA:20,0
DA:25,0
DA:26,0
DA:27,0
DA:32,0
DA:34,0
DA:36,0
DA:41,0
DA:42,0
DA:44,0
DA:45,0
DA:50,0
DA:51,0
DA:52,0
DA:55,1
LF:22
LH:5
BRF:0
BRH:0
end_of_record
TN:
SF:/Users/leahhou/test_express_lessons/mongoose-relations/controllers/book_controller.js
FN:4,create
FN:8,(anonymous_1)
FN:13,index
FN:19,make
FN:25,destroy
FN:32,show
FN:41,update
FN:50,edit
FNF:8
FNH:0
FNDA:0,create
FNDA:0,(anonymous_1)
FNDA:0,index
FNDA:0,make
FNDA:0,destroy
FNDA:0,show
FNDA:0,update
FNDA:0,edit
DA:1,1
DA:2,1
DA:6,0
DA:7,0
DA:8,0
DA:10,0
DA:15,0
DA:16,0
DA:21,0
DA:22,0
DA:27,0
DA:28,0
DA:29,0
DA:34,0
DA:36,0
DA:38,0
DA:43,0
DA:44,0
DA:46,0
DA:47,0
DA:52,0
DA:53,0
DA:54,0
DA:57,1
LF:24
LH:3
BRF:0
BRH:0
end_of_record
TN:
SF:/Users/leahhou/test_express_lessons/mongoose-relations/controllers/comment_controller.js
FN:3,create
FNF:1
FNH:0
FNDA:0,create
DA:1,1
DA:5,0
DA:6,0
DA:7,0
DA:9,0
DA:10,0
DA:12,0
DA:15,1
LF:8
LH:2
BRF:0
BRH:0
end_of_record
TN:
SF:/Users/leahhou/test_express_lessons/mongoose-relations/database/models/author_model.js
FNF:0
FNH:0
DA:1,1
DA:2,1
DA:4,1
DA:6,1
LF:4
LH:4
BRF:0
BRH:0
end_of_record
TN:
SF:/Users/leahhou/test_express_lessons/mongoose-relations/database/models/book_model.js
FNF:0
FNH:0
DA:1,1
DA:2,1
DA:4,1
DA:6,1
LF:4
LH:4
BRF:0
BRH:0
end_of_record
TN:
SF:/Users/leahhou/test_express_lessons/mongoose-relations/database/schemas/author_schema.js
FNF:0
FNH:0
DA:1,1
DA:2,1
DA:4,1
DA:20,1
LF:4
LH:4
BRF:0
BRH:0
end_of_record
TN:
SF:/Users/leahhou/test_express_lessons/mongoose-relations/database/schemas/book_schema.js
FNF:0
FNH:0
DA:1,1
DA:2,1
DA:3,1
DA:5,1
DA:21,1
LF:5
LH:5
BRF:0
BRH:0
end_of_record
TN:
SF:/Users/leahhou/test_express_lessons/mongoose-relations/database/schemas/comment_schema.js
FNF:0
FNH:0
DA:1,1
DA:2,1
DA:4,1
DA:16,1
LF:4
LH:4
BRF:0
BRH:0
end_of_record
TN:
SF:/Users/leahhou/test_express_lessons/mongoose-relations/routes/author_routes.js
FNF:0
FNH:0
DA:1,1
DA:2,1
DA:3,1
DA:5,1
DA:7,1
DA:9,1
DA:11,1
DA:13,1
DA:15,1
DA:17,1
DA:19,1
DA:21,1
LF:12
LH:12
BRF:0
BRH:0
end_of_record
TN:
SF:/Users/leahhou/test_express_lessons/mongoose-relations/routes/book_routes.js
FNF:0
FNH:0
DA:1,1
DA:2,1
DA:3,1
DA:4,1
DA:6,1
DA:8,1
DA:10,1
DA:12,1
DA:14,1
DA:16,1
DA:18,1
DA:20,1
DA:22,1
DA:24,1
LF:14
LH:14
BRF:0
BRH:0
end_of_record
TN:
SF:/Users/leahhou/test_express_lessons/mongoose-relations/routes/comment_routes.js
FNF:0
FNH:0
DA:1,1
DA:2,1
DA:3,1
DA:5,1
DA:7,1
LF:5
LH:5
BRF:0
BRH:0
end_of_record
TN:
SF:/Users/leahhou/test_express_lessons/mongoose-relations/routes/index.js
FNF:0
FNH:0
DA:1,1
DA:2,1
DA:3,1
DA:4,1
DA:6,1
DA:7,1
DA:9,1
LF:7
LH:7
BRF:0
BRH:0
end_of_record
